# JRE version: OpenJDK Runtime Environment (15.0.2+7) (build 15.0.2+7-27)
# Java VM: OpenJDK 64-Bit Server VM (15.0.2+7-27, mixed mode, sharing, tiered, compressed oops, g1 gc, windows-amd64)
GC Precious Log:
 CPUs: 8 total, 8 available
 Memory: 3970M
 Large Page Support: Disabled
 NUMA Support: Disabled
 Compressed Oops: Enabled (32-bit)
 Heap Region Size: 1M
 Heap Min Capacity: 256M
 Heap Initial Capacity: 256M
 Heap Max Capacity: 512M
 Pre-touch: Disabled
 Parallel Workers: 8
 Concurrent Workers: 2
 Concurrent Refinement Workers: 8
 Periodic GC: Disabled
Heap:
 garbage-first heap   total 262144K, used 65923K [0x00000000e0000000, 0x0000000100000000)
  region size 1024K, 43 young (44032K), 19 survivors (19456K)
 Metaspace       used 49250K, capacity 50208K, committed 50352K, reserved 299008K
  class space    used 6543K, capacity 6835K, committed 6912K, reserved 253952K
GC Heap History (10 events):
Event: 7.653 GC heap before
{Heap before GC invocations=0 (full 0):
 garbage-first heap   total 262144K, used 28672K [0x00000000e0000000, 0x0000000100000000)
  region size 1024K, 23 young (23552K), 0 survivors (0K)
 Metaspace       used 3264K, capacity 6101K, committed 6400K, reserved 262144K
  class space    used 409K, capacity 667K, committed 768K, reserved 253952K
}
Event: 7.670 GC heap after
{Heap after GC invocations=1 (full 0):
 garbage-first heap   total 262144K, used 8708K [0x00000000e0000000, 0x0000000100000000)
  region size 1024K, 3 young (3072K), 3 survivors (3072K)
 Metaspace       used 3264K, capacity 6101K, committed 6400K, reserved 262144K
  class space    used 409K, capacity 667K, committed 768K, reserved 253952K
}
Event: 10.829 GC heap before
{Heap before GC invocations=1 (full 0):
 garbage-first heap   total 262144K, used 34308K [0x00000000e0000000, 0x0000000100000000)
  region size 1024K, 28 young (28672K), 3 survivors (3072K)
 Metaspace       used 4114K, capacity 6616K, committed 6656K, reserved 262144K
  class space    used 503K, capacity 732K, committed 768K, reserved 253952K
}
Event: 10.834 GC heap after
{Heap after GC invocations=2 (full 0):
 garbage-first heap   total 262144K, used 9422K [0x00000000e0000000, 0x0000000100000000)
  region size 1024K, 1 young (1024K), 1 survivors (1024K)
 Metaspace       used 4114K, capacity 6616K, committed 6656K, reserved 262144K
  class space    used 503K, capacity 732K, committed 768K, reserved 253952K
}
Event: 20.636 GC heap before
{Heap before GC invocations=2 (full 0):
 garbage-first heap   total 262144K, used 125134K [0x00000000e0000000, 0x0000000100000000)
  region size 1024K, 115 young (117760K), 1 survivors (1024K)
 Metaspace       used 20614K, capacity 21110K, committed 21296K, reserved 272384K
  class space    used 2954K, capacity 3078K, committed 3200K, reserved 253952K
}
Event: 20.659 GC heap after
{Heap after GC invocations=3 (full 0):
 garbage-first heap   total 262144K, used 19208K [0x00000000e0000000, 0x0000000100000000)
  region size 1024K, 11 young (11264K), 11 survivors (11264K)
 Metaspace       used 20614K, capacity 21110K, committed 21296K, reserved 272384K
  class space    used 2954K, capacity 3078K, committed 3200K, reserved 253952K
}
Event: 24.968 GC heap before
{Heap before GC invocations=4 (full 0):
 garbage-first heap   total 262144K, used 106248K [0x00000000e0000000, 0x0000000100000000)
  region size 1024K, 94 young (96256K), 11 survivors (11264K)
 Metaspace       used 35195K, capacity 35814K, committed 35888K, reserved 286720K
  class space    used 4710K, capacity 4920K, committed 4992K, reserved 253952K
}
Event: 25.002 GC heap after
{Heap after GC invocations=5 (full 0):
 garbage-first heap   total 262144K, used 25653K [0x00000000e0000000, 0x0000000100000000)
  region size 1024K, 16 young (16384K), 16 survivors (16384K)
 Metaspace       used 35195K, capacity 35814K, committed 35888K, reserved 286720K
  class space    used 4710K, capacity 4920K, committed 4992K, reserved 253952K
}
Event: 36.431 GC heap before
{Heap before GC invocations=6 (full 0):
 garbage-first heap   total 262144K, used 164917K [0x00000000e0000000, 0x0000000100000000)
  region size 1024K, 153 young (156672K), 16 survivors (16384K)
 Metaspace       used 47115K, capacity 47924K, committed 48304K, reserved 296960K
  class space    used 6293K, capacity 6529K, committed 6656K, reserved 253952K
}
Event: 36.458 GC heap after
{Heap after GC invocations=7 (full 0):
 garbage-first heap   total 262144K, used 38275K [0x00000000e0000000, 0x0000000100000000)
  region size 1024K, 19 young (19456K), 19 survivors (19456K)
 Metaspace       used 47115K, capacity 47924K, committed 48304K, reserved 296960K
  class space    used 6293K, capacity 6529K, committed 6656K, reserved 253952K
}

